{"/home/mechaniccoder/tutorial/jest-tutorial/basic/timer/timerGame.js": {"path":"/home/mechaniccoder/tutorial/jest-tutorial/basic/timer/timerGame.js","statementMap":{"0":{"start":{"line":2,"column":2},"end":{"line":4,"column":11}},"1":{"start":{"line":3,"column":4},"end":{"line":3,"column":27}},"2":{"start":{"line":7,"column":0},"end":{"line":7,"column":31}}},"fnMap":{"0":{"name":"timerGame","decl":{"start":{"line":1,"column":9},"end":{"line":1,"column":18}},"loc":{"start":{"line":1,"column":29},"end":{"line":5,"column":1}},"line":1},"1":{"name":"(anonymous_1)","decl":{"start":{"line":2,"column":13},"end":{"line":2,"column":14}},"loc":{"start":{"line":2,"column":19},"end":{"line":4,"column":3}},"line":2}},"branchMap":{"0":{"loc":{"start":{"line":3,"column":4},"end":{"line":3,"column":26}},"type":"binary-expr","locations":[{"start":{"line":3,"column":4},"end":{"line":3,"column":12}},{"start":{"line":3,"column":16},"end":{"line":3,"column":26}}],"line":3}},"s":{"0":2,"1":2,"2":1},"f":{"0":2,"1":2},"b":{"0":[2,1]},"_coverageSchema":"1a1c01bbd47fc00a2c39e90264f33305004495a9","hash":"adfe2e7ce657465d54fb448fa5411d8618f542c0"}
}
