{"/home/mechaniccoder/tutorial/jest-tutorial/basic/async/user.js": {"path":"/home/mechaniccoder/tutorial/jest-tutorial/basic/async/user.js","statementMap":{"0":{"start":{"line":1,"column":20},"end":{"line":1,"column":40}},"1":{"start":{"line":4,"column":2},"end":{"line":4,"column":63}},"2":{"start":{"line":4,"column":52},"end":{"line":4,"column":61}},"3":{"start":{"line":7,"column":0},"end":{"line":7,"column":33}}},"fnMap":{"0":{"name":"getUserName","decl":{"start":{"line":3,"column":9},"end":{"line":3,"column":20}},"loc":{"start":{"line":3,"column":29},"end":{"line":5,"column":1}},"line":3},"1":{"name":"(anonymous_1)","decl":{"start":{"line":4,"column":42},"end":{"line":4,"column":43}},"loc":{"start":{"line":4,"column":52},"end":{"line":4,"column":61}},"line":4}},"branchMap":{},"s":{"0":1,"1":5,"2":3,"3":1},"f":{"0":5,"1":3},"b":{},"_coverageSchema":"1a1c01bbd47fc00a2c39e90264f33305004495a9","hash":"a42c9dec5e15f66c4cad25a65d2a0ae4f4dd2ec0"}
}
