TN:
SF:async/user.js
FN:3,getUserName
FN:4,(anonymous_1)
FNF:2
FNH:2
FNDA:1,getUserName
FNDA:1,(anonymous_1)
DA:1,1
DA:4,1
DA:7,1
LF:3
LH:3
BRF:0
BRH:0
end_of_record
TN:
SF:overview/index.js
FN:1,sum
FN:5,multiply
FN:9,divide
FNF:3
FNH:1
FNDA:1,sum
FNDA:0,multiply
FNDA:0,divide
DA:2,1
DA:6,0
DA:10,0
DA:13,1
LF:4
LH:2
BRF:0
BRH:0
end_of_record
TN:
SF:overview/user.js
FN:4,(anonymous_0)
FN:5,(anonymous_1)
FNF:2
FNH:2
FNDA:1,(anonymous_0)
FNDA:1,(anonymous_1)
DA:1,1
DA:5,1
DA:9,1
LF:3
LH:3
BRF:0
BRH:0
end_of_record
